<?xml version="1.0" encoding="UTF-8" ?>
<testsuite tests="1" failures="0" name="guide.helloworld.HelloWorldServiceTest" time="0.007" errors="0" skipped="0">
  <properties>
    <property name="java.runtime.name" value="OpenJDK Runtime Environment"/>
    <property name="sun.boot.library.path" value="C:\eGovFrame-3.10.0\bin\jdk8u242-b08\jre\bin"/>
    <property name="java.vm.version" value="25.242-b08"/>
    <property name="java.vm.vendor" value=""/>
    <property name="maven.multiModuleProjectDirectory" value="C:\eGovFrame-3.10.0\LearnEgovFrame\lab103-testcase"/>
    <property name="java.vendor.url" value="http://java.oracle.com/"/>
    <property name="path.separator" value=";"/>
    <property name="guice.disable.misplaced.annotation.check" value="true"/>
    <property name="java.vm.name" value="OpenJDK 64-Bit Server VM"/>
    <property name="file.encoding.pkg" value="sun.io"/>
    <property name="user.script" value=""/>
    <property name="user.country" value="KR"/>
    <property name="sun.java.launcher" value="SUN_STANDARD"/>
    <property name="sun.os.patch.level" value=""/>
    <property name="java.vm.specification.name" value="Java Virtual Machine Specification"/>
    <property name="user.dir" value="C:\eGovFrame-3.10.0\LearnEgovFrame\lab103-testcase"/>
    <property name="java.runtime.version" value="1.8.0_242-b08"/>
    <property name="java.awt.graphicsenv" value="sun.awt.Win32GraphicsEnvironment"/>
    <property name="java.endorsed.dirs" value="C:\eGovFrame-3.10.0\bin\jdk8u242-b08\jre\lib\endorsed"/>
    <property name="os.arch" value="amd64"/>
    <property name="java.io.tmpdir" value="C:\Users\perso\AppData\Local\Temp\"/>
    <property name="line.separator" value="
"/>
    <property name="java.vm.specification.vendor" value="Oracle Corporation"/>
    <property name="user.variant" value=""/>
    <property name="os.name" value="Windows 10"/>
    <property name="classworlds.conf" value="C:\eGovFrame-3.10.0\workspace.edu\.metadata\.plugins\org.eclipse.m2e.launching\launches\m2conf1460332002279291356.tmp"/>
    <property name="sun.jnu.encoding" value="Cp1252"/>
    <property name="java.library.path" value="C:\eGovFrame-3.10.0\bin\jdk8u242-b08\bin;C:\WINDOWS\Sun\Java\bin;C:\WINDOWS\system32;C:\WINDOWS;C:\Program Files\Eclipse Foundation\jdk-8.0.302.8-hotspot\bin;C:\DEV\Server\Oracle\product\18.0.0\dbhomeXE\bin;C:\DEV\Server\Oracle\product\21c\dbhomeXE\bin;C:\Program Files\Microsoft MPI\Bin\;C:\DEV\Langs\Python39\Scripts\;C:\DEV\Langs\Python39\;C:\Windows\system32;C:\Windows;C:\Windows\System32\Wbem;C:\Windows\System32\WindowsPowerShell\v1.0\;C:\Windows\System32\OpenSSH\;C:\Program Files (x86)\NVIDIA Corporation\PhysX\Common;C:\Program Files\NVIDIA Corporation\NVIDIA NvDLISR;C:\WINDOWS\system32;C:\WINDOWS;C:\WINDOWS\System32\Wbem;C:\WINDOWS\System32\WindowsPowerShell\v1.0\;C:\WINDOWS\System32\OpenSSH\;C:\Program Files\TortoiseGit\bin;C:\Program Files\Microsoft SQL Server\130\Tools\Binn\;C:\Program Files\Microsoft SQL Server\Client SDK\ODBC\170\Tools\Binn\;C:\DEV\Langs\Java\OpenJDK\jdk-17\bin;C:\DEV\Server\MongoDB\Server\5.0\bin;C:\Program Files (x86)\Microsoft SQL Server\150\Tools\Binn\;C:\Program Files\Microsoft SQL Server\150\Tools\Binn\;C:\Program Files\Microsoft SQL Server\150\DTS\Binn\;C:\Program Files (x86)\Microsoft SQL Server\150\DTS\Binn\;C:\Program Files\Azure Data Studio\bin;C:\DEV\Langs\nodejs\;C:\Program Files\dotnet\;C:\DEV\Server\Git\cmd;C:\Program Files\PuTTY\;C:\Program Files (x86)\dotnet\;C:\Users\perso\AppData\Local\Microsoft\WindowsApps;C:\Program Files\Bandizip\;C:\DEV\IDE\Microsoft\Microsoft VS Code\bin;C:\Program Files\Azure Data Studio\bin;C:\Users\perso\AppData\Roaming\npm;C:\Users\perso\.dotnet\tools;."/>
    <property name="java.specification.name" value="Java Platform API Specification"/>
    <property name="java.class.version" value="52.0"/>
    <property name="sun.management.compiler" value="HotSpot 64-Bit Tiered Compilers"/>
    <property name="os.version" value="10.0"/>
    <property name="user.home" value="C:\Users\perso"/>
    <property name="user.timezone" value="Asia/Seoul"/>
    <property name="java.awt.printerjob" value="sun.awt.windows.WPrinterJob"/>
    <property name="java.specification.version" value="1.8"/>
    <property name="file.encoding" value="UTF-8"/>
    <property name="user.name" value="perso"/>
    <property name="java.class.path" value="C:\eGovFrame-3.10.0\bin\eclipse\plugins\org.eclipse.m2e.maven.runtime_1.16.0.20200610-1735\jars\plexus-classworlds-2.6.0.jar"/>
    <property name="java.vm.specification.version" value="1.8"/>
    <property name="sun.arch.data.model" value="64"/>
    <property name="java.home" value="C:\eGovFrame-3.10.0\bin\jdk8u242-b08\jre"/>
    <property name="sun.java.command" value="org.codehaus.plexus.classworlds.launcher.Launcher -B -s C:\eGovFrame-3.10.0\maven\settings.xml test"/>
    <property name="java.specification.vendor" value="Oracle Corporation"/>
    <property name="user.language" value="ko"/>
    <property name="awt.toolkit" value="sun.awt.windows.WToolkit"/>
    <property name="java.vm.info" value="mixed mode"/>
    <property name="java.version" value="1.8.0_242"/>
    <property name="java.ext.dirs" value="C:\eGovFrame-3.10.0\bin\jdk8u242-b08\jre\lib\ext;C:\WINDOWS\Sun\Java\lib\ext"/>
    <property name="sun.boot.class.path" value="C:\eGovFrame-3.10.0\bin\jdk8u242-b08\jre\lib\resources.jar;C:\eGovFrame-3.10.0\bin\jdk8u242-b08\jre\lib\rt.jar;C:\eGovFrame-3.10.0\bin\jdk8u242-b08\jre\lib\sunrsasign.jar;C:\eGovFrame-3.10.0\bin\jdk8u242-b08\jre\lib\jsse.jar;C:\eGovFrame-3.10.0\bin\jdk8u242-b08\jre\lib\jce.jar;C:\eGovFrame-3.10.0\bin\jdk8u242-b08\jre\lib\charsets.jar;C:\eGovFrame-3.10.0\bin\jdk8u242-b08\jre\lib\jfr.jar;C:\eGovFrame-3.10.0\bin\jdk8u242-b08\jre\classes"/>
    <property name="java.vendor" value="AdoptOpenJDK"/>
    <property name="maven.home" value="C:\eGovFrame-3.10.0\LearnEgovFrame\lab103-testcase\EMBEDDED"/>
    <property name="file.separator" value="\"/>
    <property name="java.vendor.url.bug" value="http://bugreport.sun.com/bugreport/"/>
    <property name="sun.cpu.endian" value="little"/>
    <property name="sun.io.unicode.encoding" value="UnicodeLittle"/>
    <property name="sun.desktop" value="windows"/>
    <property name="sun.cpu.isalist" value="amd64"/>
  </properties>
  <testcase classname="guide.helloworld.HelloWorldServiceTest" name="SayHello" time="0.007"/>
</testsuite>